Using pre-set license
Built from '2021.3/staging' branch; Version is '2021.3.15f1 (e8e88683f834) revision 15263878'; Using compiler version '192829333'; Build Type 'Release'
OS: 'Windows 10  (10.0.19045) 64bit Core' Language: 'en' Physical Memory: 32505 MB
BatchMode: 1, IsHumanControllingUs: 0, StartBugReporterOnCrash: 0, Is64bit: 1, IsPro: 1

COMMAND LINE ARGUMENTS:
C:\Program Files\Unity\Hub\Editor\2021.3.15f1\Editor\Unity.exe
-adb2
-batchMode
-noUpm
-name
AssetImportWorker1
-projectPath
C:/Users/rahul/Documents/prog/Unity/sidescrollerunity
-logFile
Logs/AssetImportWorker1.log
-srvPort
60167
Successfully changed project path to: C:/Users/rahul/Documents/prog/Unity/sidescrollerunity
C:/Users/rahul/Documents/prog/Unity/sidescrollerunity
[UnityMemory] Configuration Parameters - Can be set up in boot.config
    "memorysetup-bucket-allocator-granularity=16"
    "memorysetup-bucket-allocator-bucket-count=8"
    "memorysetup-bucket-allocator-block-size=33554432"
    "memorysetup-bucket-allocator-block-count=8"
    "memorysetup-main-allocator-block-size=16777216"
    "memorysetup-thread-allocator-block-size=16777216"
    "memorysetup-gfx-main-allocator-block-size=16777216"
    "memorysetup-gfx-thread-allocator-block-size=16777216"
    "memorysetup-cache-allocator-block-size=4194304"
    "memorysetup-typetree-allocator-block-size=2097152"
    "memorysetup-profiler-bucket-allocator-granularity=16"
    "memorysetup-profiler-bucket-allocator-bucket-count=8"
    "memorysetup-profiler-bucket-allocator-block-size=33554432"
    "memorysetup-profiler-bucket-allocator-block-count=8"
    "memorysetup-profiler-allocator-block-size=16777216"
    "memorysetup-profiler-editor-allocator-block-size=1048576"
    "memorysetup-temp-allocator-size-main=16777216"
    "memorysetup-job-temp-allocator-block-size=2097152"
    "memorysetup-job-temp-allocator-block-size-background=1048576"
    "memorysetup-job-temp-allocator-reduction-small-platforms=262144"
    "memorysetup-temp-allocator-size-background-worker=32768"
    "memorysetup-temp-allocator-size-job-worker=262144"
    "memorysetup-temp-allocator-size-preload-manager=33554432"
    "memorysetup-temp-allocator-size-nav-mesh-worker=65536"
    "memorysetup-temp-allocator-size-audio-worker=65536"
    "memorysetup-temp-allocator-size-cloud-worker=32768"
    "memorysetup-temp-allocator-size-gi-baking-worker=262144"
    "memorysetup-temp-allocator-size-gfx=262144"
Player connection [24868] Host "[IP] 25.73.224.26 [Port] 0 [Flags] 2 [Guid] 428838490 [EditorId] 428838490 [Version] 1048832 [Id] WindowsEditor(7,chambres) [Debug] 1 [PackageName] WindowsEditor [ProjectName] Editor" joined multi-casting on [225.0.0.222:54997]...

Player connection [24868] Host "[IP] 25.73.224.26 [Port] 0 [Flags] 2 [Guid] 428838490 [EditorId] 428838490 [Version] 1048832 [Id] WindowsEditor(7,chambres) [Debug] 1 [PackageName] WindowsEditor [ProjectName] Editor" joined alternative multi-casting on [225.0.0.222:34997]...

Refreshing native plugins compatible for Editor in 95.37 ms, found 4 plugins.
Preloading 0 native plugins for Editor in 0.00 ms.
Initialize engine version: 2021.3.15f1 (e8e88683f834)
[Subsystems] Discovering subsystems at path C:/Program Files/Unity/Hub/Editor/2021.3.15f1/Editor/Data/Resources/UnitySubsystems
[Subsystems] Discovering subsystems at path C:/Users/rahul/Documents/prog/Unity/sidescrollerunity/Assets
GfxDevice: creating device client; threaded=0; jobified=0
Direct3D:
    Version:  Direct3D 11.0 [level 11.1]
    Renderer: AMD Radeon RX 6700 XT (ID=0x73df)
    Vendor:   ATI
    VRAM:     12242 MB
    Driver:   31.0.12029.10015
Initialize mono
Mono path[0] = 'C:/Program Files/Unity/Hub/Editor/2021.3.15f1/Editor/Data/Managed'
Mono path[1] = 'C:/Program Files/Unity/Hub/Editor/2021.3.15f1/Editor/Data/MonoBleedingEdge/lib/mono/unityjit-win32'
Mono config path = 'C:/Program Files/Unity/Hub/Editor/2021.3.15f1/Editor/Data/MonoBleedingEdge/etc'
Using monoOptions --debugger-agent=transport=dt_socket,embedding=1,server=y,suspend=n,address=127.0.0.1:56680
Begin MonoManager ReloadAssembly
Registering precompiled unity dll's ...
Register platform support module: C:/Program Files/Unity/Hub/Editor/2021.3.15f1/Editor/Data/PlaybackEngines/WebGLSupport/UnityEditor.WebGL.Extensions.dll
Register platform support module: C:/Program Files/Unity/Hub/Editor/2021.3.15f1/Editor/Data/PlaybackEngines/WindowsStandaloneSupport/UnityEditor.WindowsStandalone.Extensions.dll
Register platform support module: C:/Program Files/Unity/Hub/Editor/2021.3.15f1/Editor/Data/PlaybackEngines/MetroSupport/UnityEditor.UWP.Extensions.dll
Registered in 0.008585 seconds.
Native extension for UWP target not found
Native extension for WindowsStandalone target not found
Native extension for WebGL target not found
Refreshing native plugins compatible for Editor in 91.57 ms, found 4 plugins.
Preloading 0 native plugins for Editor in 0.00 ms.
Mono: successfully reloaded assembly
- Completed reload, in  0.659 seconds
Domain Reload Profiling:
	ReloadAssembly (659ms)
		BeginReloadAssembly (71ms)
			ExecutionOrderSort (0ms)
			DisableScriptedObjects (0ms)
			BackupInstance (0ms)
			ReleaseScriptingObjects (0ms)
			CreateAndSetChildDomain (1ms)
		EndReloadAssembly (479ms)
			LoadAssemblies (69ms)
			RebuildTransferFunctionScriptingTraits (0ms)
			SetupTypeCache (99ms)
			ReleaseScriptCaches (0ms)
			RebuildScriptCaches (32ms)
			SetupLoadedEditorAssemblies (298ms)
				LogAssemblyErrors (0ms)
				InitializePlatformSupportModulesInManaged (11ms)
				SetLoadedEditorAssemblies (0ms)
				RefreshPlugins (92ms)
				BeforeProcessingInitializeOnLoad (1ms)
				ProcessInitializeOnLoadAttributes (146ms)
				ProcessInitializeOnLoadMethodAttributes (47ms)
				AfterProcessingInitializeOnLoad (0ms)
				EditorAssembliesLoaded (0ms)
			ExecutionOrderSort2 (0ms)
			AwakeInstancesAfterBackupRestoration (0ms)
Platform modules already initialized, skipping
Registering precompiled user dll's ...
Registered in 0.007649 seconds.
Begin MonoManager ReloadAssembly
Symbol file LoadedFromMemory doesn't match image C:\Users\rahul\Documents\prog\Unity\sidescrollerunity\Library\PackageCache\com.unity.visualscripting@1.7.8\Editor\VisualScripting.Core\Dependencies\YamlDotNet\Unity.VisualScripting.YamlDotNet.dll
Symbol file LoadedFromMemory doesn't match image C:\Users\rahul\Documents\prog\Unity\sidescrollerunity\Library\PackageCache\com.unity.visualscripting@1.7.8\Editor\VisualScripting.Core\Dependencies\DotNetZip\Unity.VisualScripting.IonicZip.dll
Native extension for UWP target not found
Native extension for WindowsStandalone target not found
Native extension for WebGL target not found
Refreshing native plugins compatible for Editor in 90.41 ms, found 4 plugins.
Preloading 0 native plugins for Editor in 0.00 ms.
Mono: successfully reloaded assembly
- Completed reload, in  1.209 seconds
Domain Reload Profiling:
	ReloadAssembly (1210ms)
		BeginReloadAssembly (93ms)
			ExecutionOrderSort (0ms)
			DisableScriptedObjects (6ms)
			BackupInstance (0ms)
			ReleaseScriptingObjects (0ms)
			CreateAndSetChildDomain (15ms)
		EndReloadAssembly (1003ms)
			LoadAssemblies (69ms)
			RebuildTransferFunctionScriptingTraits (0ms)
			SetupTypeCache (231ms)
			ReleaseScriptCaches (0ms)
			RebuildScriptCaches (54ms)
			SetupLoadedEditorAssemblies (508ms)
				LogAssemblyErrors (0ms)
				InitializePlatformSupportModulesInManaged (7ms)
				SetLoadedEditorAssemblies (0ms)
				RefreshPlugins (90ms)
				BeforeProcessingInitializeOnLoad (100ms)
				ProcessInitializeOnLoadAttributes (247ms)
				ProcessInitializeOnLoadMethodAttributes (53ms)
				AfterProcessingInitializeOnLoad (9ms)
				EditorAssembliesLoaded (0ms)
			ExecutionOrderSort2 (0ms)
			AwakeInstancesAfterBackupRestoration (7ms)
Platform modules already initialized, skipping
========================================================================
Worker process is ready to serve import requests
Launched and connected shader compiler UnityShaderCompiler.exe after 0.03 seconds
Refreshing native plugins compatible for Editor in 0.73 ms, found 4 plugins.
Preloading 0 native plugins for Editor in 0.00 ms.
Unloading 4104 Unused Serialized files (Serialized files now loaded: 0)
Unloading 44 unused Assets / (229.1 KB). Loaded Objects now: 4556.
Memory consumption went from 152.5 MB to 152.2 MB.
Total: 3.251000 ms (FindLiveObjects: 0.363500 ms CreateObjectMapping: 0.137500 ms MarkObjects: 2.576500 ms  DeleteObjects: 0.172100 ms)

AssetImportParameters requested are different than current active one (requested -> active):
  custom:video-decoder-ogg-theora: a1e56fd34408186e4bbccfd4996cb3dc -> 
  custom:container-muxer-webm: aa71ff27fc2769a1b78a27578f13a17b -> 
  custom:container-demuxer-webm: 4f35f7cbe854078d1ac9338744f61a02 -> 
  custom:video-encoder-webm-vp8: eb34c28f22e8b96e1ab97ce403110664 -> 
  custom:audio-encoder-webm-vorbis: bf7c407c2cedff20999df2af8eb42d56 -> 
  custom:framework-win-MediaFoundation: 216162199b28c13a410421893ffa2e32 -> 
  custom:container-demuxer-ogg: 62fdf1f143b41e24485cea50d1cbac27 -> 
  custom:video-decoder-webm-vp8: 9c59270c3fd7afecdb556c50c9e8de78 -> 
  custom:audio-decoder-ogg-vorbis: bf7c407c2cedff20999df2af8eb42d56 -> 
========================================================================
Received Import Request.
  Time since last request: 22315.389156 seconds.
  path: Assets/Pixel Adventure 1
  artifactKey: Guid(fded9ff0c8b9145479a52e877ff339d3) Importer(815301076,1909f56bfc062723c751e8b465ee728b)
Start importing Assets/Pixel Adventure 1 using Guid(fded9ff0c8b9145479a52e877ff339d3) Importer(815301076,1909f56bfc062723c751e8b465ee728b)  -> (artifact id: '593cd96201d103416dd91c3588f45248') in 0.007173 seconds 
========================================================================
Received Import Request.
  Time since last request: 0.000016 seconds.
  path: Assets/Plugins
  artifactKey: Guid(e934582112f62b3418167bae33435512) Importer(815301076,1909f56bfc062723c751e8b465ee728b)
Start importing Assets/Plugins using Guid(e934582112f62b3418167bae33435512) Importer(815301076,1909f56bfc062723c751e8b465ee728b)  -> (artifact id: '81a2dd34b0514d3eb0e2ff93404e26a7') in 0.004084 seconds 
========================================================================
Received Import Request.
  Time since last request: 0.000016 seconds.
  path: Assets/Tarodev 2D Controller
  artifactKey: Guid(d6657563f8853334d9a5226306117c9c) Importer(815301076,1909f56bfc062723c751e8b465ee728b)
Start importing Assets/Tarodev 2D Controller using Guid(d6657563f8853334d9a5226306117c9c) Importer(815301076,1909f56bfc062723c751e8b465ee728b)  -> (artifact id: '41f1ea7835b81fdeab378c0d29d1a888') in 0.004012 seconds 
========================================================================
Received Import Request.
  Time since last request: 2.497188 seconds.
  path: Assets/War
  artifactKey: Guid(a48128da0f885564fbaf33d1a522be94) Importer(815301076,1909f56bfc062723c751e8b465ee728b)
Start importing Assets/War using Guid(a48128da0f885564fbaf33d1a522be94) Importer(815301076,1909f56bfc062723c751e8b465ee728b)  -> (artifact id: 'ef5c2b134bf468ba6007c81daff780f3') in 0.009252 seconds 
========================================================================
Received Import Request.
  Time since last request: 0.921244 seconds.
  path: Assets/War/Slime Enemy - Pixel Art
  artifactKey: Guid(28f9315a22f039f48923fc8c288e0c8c) Importer(815301076,1909f56bfc062723c751e8b465ee728b)
Start importing Assets/War/Slime Enemy - Pixel Art using Guid(28f9315a22f039f48923fc8c288e0c8c) Importer(815301076,1909f56bfc062723c751e8b465ee728b)  -> (artifact id: '056079318f2810e19fec39f501c93ca5') in 0.007005 seconds 
========================================================================
Received Import Request.
  Time since last request: 0.820110 seconds.
  path: Assets/War/Slime Enemy - Pixel Art/Animation
  artifactKey: Guid(0763365dc5e39a8429f263dec7863c8e) Importer(815301076,1909f56bfc062723c751e8b465ee728b)
Start importing Assets/War/Slime Enemy - Pixel Art/Animation using Guid(0763365dc5e39a8429f263dec7863c8e) Importer(815301076,1909f56bfc062723c751e8b465ee728b)  -> (artifact id: '7bd55cf4aed1ce53118fc06ea9fcfc65') in 0.004247 seconds 
========================================================================
Received Import Request.
  Time since last request: 0.881856 seconds.
  path: Assets/War/Slime Enemy - Pixel Art/Animation/Death
  artifactKey: Guid(57c726134efc85947a35572199f091ca) Importer(815301076,1909f56bfc062723c751e8b465ee728b)
Start importing Assets/War/Slime Enemy - Pixel Art/Animation/Death using Guid(57c726134efc85947a35572199f091ca) Importer(815301076,1909f56bfc062723c751e8b465ee728b)  -> (artifact id: '27763d7b5dd0473bae958f9cb28a1c4e') in 0.005115 seconds 
========================================================================
Received Import Request.
  Time since last request: 1.146048 seconds.
  path: Assets/War/Slime Enemy - Pixel Art/Animation/Death/Blue
  artifactKey: Guid(64c3a1599f88b4e42a8182f50f864df2) Importer(815301076,1909f56bfc062723c751e8b465ee728b)
Start importing Assets/War/Slime Enemy - Pixel Art/Animation/Death/Blue using Guid(64c3a1599f88b4e42a8182f50f864df2) Importer(815301076,1909f56bfc062723c751e8b465ee728b)  -> (artifact id: '1f11c2c6abecc04149d204a4949e9fe4') in 0.007970 seconds 
========================================================================
Received Import Request.
  Time since last request: 2.140453 seconds.
  path: Assets/War/Slime Enemy - Pixel Art/Prefabs
  artifactKey: Guid(bb5a93bfd0e63444faf13ff7bcce5dfd) Importer(815301076,1909f56bfc062723c751e8b465ee728b)
Start importing Assets/War/Slime Enemy - Pixel Art/Prefabs using Guid(bb5a93bfd0e63444faf13ff7bcce5dfd) Importer(815301076,1909f56bfc062723c751e8b465ee728b)  -> (artifact id: '5c2624d1b72cca39c9da75241593649b') in 0.004993 seconds 
========================================================================
Received Import Request.
  Time since last request: 0.666595 seconds.
  path: Assets/War/Slime Enemy - Pixel Art/Prefabs/Green
  artifactKey: Guid(d8cce8181bde45e4d88629ed00b9a2bf) Importer(815301076,1909f56bfc062723c751e8b465ee728b)
Start importing Assets/War/Slime Enemy - Pixel Art/Prefabs/Green using Guid(d8cce8181bde45e4d88629ed00b9a2bf) Importer(815301076,1909f56bfc062723c751e8b465ee728b)  -> (artifact id: 'eccb8e101ae376ed675254c263dbc86c') in 0.008568 seconds 
========================================================================
Received Import Request.
  Time since last request: 0.603446 seconds.
  path: Assets/War/Slime Enemy - Pixel Art/Prefabs/Blue
  artifactKey: Guid(8462621ff9f97fb4683667ba2cc0e11c) Importer(815301076,1909f56bfc062723c751e8b465ee728b)
Start importing Assets/War/Slime Enemy - Pixel Art/Prefabs/Blue using Guid(8462621ff9f97fb4683667ba2cc0e11c) Importer(815301076,1909f56bfc062723c751e8b465ee728b)  -> (artifact id: '8df3b63f0139130c5c288cb533d9dda5') in 0.004601 seconds 
========================================================================
Received Import Request.
  Time since last request: 180.787286 seconds.
  path: Assets/War/Slime Enemy - Pixel Art/Prefabs/Blue/Blue Death (No Flash).prefab
  artifactKey: Guid(fb85373bb54ebbb4683953177c14562d) Importer(815301076,1909f56bfc062723c751e8b465ee728b)
Start importing Assets/War/Slime Enemy - Pixel Art/Prefabs/Blue/Blue Death (No Flash).prefab using Guid(fb85373bb54ebbb4683953177c14562d) Importer(815301076,1909f56bfc062723c751e8b465ee728b)  -> (artifact id: '20406c3474e9a2396811488621066490') in 0.132149 seconds 
========================================================================
Received Import Request.
  Time since last request: 0.000030 seconds.
  path: Assets/War/Slime Enemy - Pixel Art/Prefabs/Blue/Blue Jump.prefab
  artifactKey: Guid(3e3014e1ff8d5ee42b4465ef83df5706) Importer(815301076,1909f56bfc062723c751e8b465ee728b)
Start importing Assets/War/Slime Enemy - Pixel Art/Prefabs/Blue/Blue Jump.prefab using Guid(3e3014e1ff8d5ee42b4465ef83df5706) Importer(815301076,1909f56bfc062723c751e8b465ee728b)  -> (artifact id: 'cf71d88279a495d084bb034e1af1de89') in 0.015045 seconds 
========================================================================
Received Import Request.
  Time since last request: 0.000026 seconds.
  path: Assets/War/Slime Enemy - Pixel Art/Prefabs/Blue/Blue Idle.prefab
  artifactKey: Guid(6dab528ea53eeba489429a176c686bf4) Importer(815301076,1909f56bfc062723c751e8b465ee728b)
Start importing Assets/War/Slime Enemy - Pixel Art/Prefabs/Blue/Blue Idle.prefab using Guid(6dab528ea53eeba489429a176c686bf4) Importer(815301076,1909f56bfc062723c751e8b465ee728b)  -> (artifact id: '94e469484c1ea539ac2299886c0cf8a6') in 0.013261 seconds 
========================================================================
Received Import Request.
  Time since last request: 0.000020 seconds.
  path: Assets/War/Slime Enemy - Pixel Art/Prefabs/Blue/Blue Hurt.prefab
  artifactKey: Guid(bf92187d8065db242bc72f26082ad095) Importer(815301076,1909f56bfc062723c751e8b465ee728b)
Start importing Assets/War/Slime Enemy - Pixel Art/Prefabs/Blue/Blue Hurt.prefab using Guid(bf92187d8065db242bc72f26082ad095) Importer(815301076,1909f56bfc062723c751e8b465ee728b)  -> (artifact id: 'f15f741778e687d704f61c7fd596bcfc') in 0.012760 seconds 
========================================================================
Received Import Request.
  Time since last request: 0.000018 seconds.
  path: Assets/War/Slime Enemy - Pixel Art/Prefabs/Blue/Blue Death.prefab
  artifactKey: Guid(fb9b09286b5b779408fa93903fe3bf32) Importer(815301076,1909f56bfc062723c751e8b465ee728b)
Start importing Assets/War/Slime Enemy - Pixel Art/Prefabs/Blue/Blue Death.prefab using Guid(fb9b09286b5b779408fa93903fe3bf32) Importer(815301076,1909f56bfc062723c751e8b465ee728b)  -> (artifact id: 'd3cb9eb692fd1865e95e397f50eb24f2') in 0.011840 seconds 
========================================================================
Received Import Request.
  Time since last request: 0.000019 seconds.
  path: Assets/War/Slime Enemy - Pixel Art/Prefabs/Blue/Blue Hurt (No Flash).prefab
  artifactKey: Guid(9e1a19b01c8c2934da4be2c95d8ea9b9) Importer(815301076,1909f56bfc062723c751e8b465ee728b)
Start importing Assets/War/Slime Enemy - Pixel Art/Prefabs/Blue/Blue Hurt (No Flash).prefab using Guid(9e1a19b01c8c2934da4be2c95d8ea9b9) Importer(815301076,1909f56bfc062723c751e8b465ee728b)  -> (artifact id: '96b49aa61e32ff1806a452a761dcf6fe') in 0.011645 seconds 
========================================================================
Received Import Request.
  Time since last request: 1.474650 seconds.
  path: Assets/War/Slime Enemy - Pixel Art/Prefabs/Green/Green Death (No Flash).prefab
  artifactKey: Guid(d30a6c9039d6ac34db6d690042492292) Importer(815301076,1909f56bfc062723c751e8b465ee728b)
Start importing Assets/War/Slime Enemy - Pixel Art/Prefabs/Green/Green Death (No Flash).prefab using Guid(d30a6c9039d6ac34db6d690042492292) Importer(815301076,1909f56bfc062723c751e8b465ee728b)  -> (artifact id: '9210655a7abd87c6bb1a654d5d3bc142') in 0.012671 seconds 
========================================================================
Received Import Request.
  Time since last request: 0.000022 seconds.
  path: Assets/War/Slime Enemy - Pixel Art/Prefabs/Green/Green Jump.prefab
  artifactKey: Guid(248d6a664332d4d4c852e1e7f0242547) Importer(815301076,1909f56bfc062723c751e8b465ee728b)
Start importing Assets/War/Slime Enemy - Pixel Art/Prefabs/Green/Green Jump.prefab using Guid(248d6a664332d4d4c852e1e7f0242547) Importer(815301076,1909f56bfc062723c751e8b465ee728b)  -> (artifact id: 'a5c172eea179c90c78d4db4dec04b209') in 0.012289 seconds 
========================================================================
Received Import Request.
  Time since last request: 0.000015 seconds.
  path: Assets/War/Slime Enemy - Pixel Art/Prefabs/Green/Green Hurt (No Flash).prefab
  artifactKey: Guid(2f781df6823762a47b27f618ee617a1e) Importer(815301076,1909f56bfc062723c751e8b465ee728b)
Start importing Assets/War/Slime Enemy - Pixel Art/Prefabs/Green/Green Hurt (No Flash).prefab using Guid(2f781df6823762a47b27f618ee617a1e) Importer(815301076,1909f56bfc062723c751e8b465ee728b)  -> (artifact id: 'a7bb9cab70e8f3c9686f6c6de7d6bc93') in 0.014576 seconds 
========================================================================
Received Import Request.
  Time since last request: 0.000014 seconds.
  path: Assets/War/Slime Enemy - Pixel Art/Prefabs/Green/Green Hurt.prefab
  artifactKey: Guid(9a682479f4905ff4487f20cbb50aa078) Importer(815301076,1909f56bfc062723c751e8b465ee728b)
Start importing Assets/War/Slime Enemy - Pixel Art/Prefabs/Green/Green Hurt.prefab using Guid(9a682479f4905ff4487f20cbb50aa078) Importer(815301076,1909f56bfc062723c751e8b465ee728b)  -> (artifact id: '4f1d8ca5fa90e2e0a7cc88036a5dc06d') in 0.008682 seconds 
========================================================================
Received Import Request.
  Time since last request: 0.000019 seconds.
  path: Assets/War/Slime Enemy - Pixel Art/Prefabs/Green/Green Death.prefab
  artifactKey: Guid(b300a4d2d9f799040887ce2c1f257229) Importer(815301076,1909f56bfc062723c751e8b465ee728b)
Start importing Assets/War/Slime Enemy - Pixel Art/Prefabs/Green/Green Death.prefab using Guid(b300a4d2d9f799040887ce2c1f257229) Importer(815301076,1909f56bfc062723c751e8b465ee728b)  -> (artifact id: '3c527800123797ce567013b0622aa017') in 0.009931 seconds 
========================================================================
Received Import Request.
  Time since last request: 0.000027 seconds.
  path: Assets/War/Slime Enemy - Pixel Art/Prefabs/Green/Green Idle.prefab
  artifactKey: Guid(27bf31f6833d5b742a6b7841e983dd6b) Importer(815301076,1909f56bfc062723c751e8b465ee728b)
Start importing Assets/War/Slime Enemy - Pixel Art/Prefabs/Green/Green Idle.prefab using Guid(27bf31f6833d5b742a6b7841e983dd6b) Importer(815301076,1909f56bfc062723c751e8b465ee728b)  -> (artifact id: '308ddef192bcc16863cd68a71533c43c') in 0.008850 seconds 
========================================================================
Received Import Request.
  Time since last request: 1.131399 seconds.
  path: Assets/War/Slime Enemy - Pixel Art/Prefabs/Red
  artifactKey: Guid(8049a10fa76c8af4cbb12da20d16d2f6) Importer(815301076,1909f56bfc062723c751e8b465ee728b)
Start importing Assets/War/Slime Enemy - Pixel Art/Prefabs/Red using Guid(8049a10fa76c8af4cbb12da20d16d2f6) Importer(815301076,1909f56bfc062723c751e8b465ee728b)  -> (artifact id: '1be63de679b10e740e195faaa320ea4b') in 0.006467 seconds 
========================================================================
Received Import Request.
  Time since last request: 0.081870 seconds.
  path: Assets/War/Slime Enemy - Pixel Art/Prefabs/Red/Red Death (No Flash).prefab
  artifactKey: Guid(6e18b736f15e72c418aa7328213000bc) Importer(815301076,1909f56bfc062723c751e8b465ee728b)
Start importing Assets/War/Slime Enemy - Pixel Art/Prefabs/Red/Red Death (No Flash).prefab using Guid(6e18b736f15e72c418aa7328213000bc) Importer(815301076,1909f56bfc062723c751e8b465ee728b)  -> (artifact id: 'ac071f1615ca2c307e3b0e334091a6a2') in 0.013430 seconds 
========================================================================
Received Import Request.
  Time since last request: 0.000025 seconds.
  path: Assets/War/Slime Enemy - Pixel Art/Prefabs/Red/Red Idle.prefab
  artifactKey: Guid(45075b6f428ffe04e9c20aef94eefdd0) Importer(815301076,1909f56bfc062723c751e8b465ee728b)
Start importing Assets/War/Slime Enemy - Pixel Art/Prefabs/Red/Red Idle.prefab using Guid(45075b6f428ffe04e9c20aef94eefdd0) Importer(815301076,1909f56bfc062723c751e8b465ee728b)  -> (artifact id: '7d04668e5ecd66f6b4812d4c4063c7da') in 0.016772 seconds 
========================================================================
Received Import Request.
  Time since last request: 0.000034 seconds.
  path: Assets/War/Slime Enemy - Pixel Art/Prefabs/Red/Red Hurt.prefab
  artifactKey: Guid(a76ef93b9505b284ab5342d07cfccb54) Importer(815301076,1909f56bfc062723c751e8b465ee728b)
Start importing Assets/War/Slime Enemy - Pixel Art/Prefabs/Red/Red Hurt.prefab using Guid(a76ef93b9505b284ab5342d07cfccb54) Importer(815301076,1909f56bfc062723c751e8b465ee728b)  -> (artifact id: '4e37480df4db8ef27bc3f2e11c2a86e0') in 0.014601 seconds 
========================================================================
Received Import Request.
  Time since last request: 0.000022 seconds.
  path: Assets/War/Slime Enemy - Pixel Art/Prefabs/Red/Red Jump.prefab
  artifactKey: Guid(5fec15aec05002d4e93430ce3a3a3fcd) Importer(815301076,1909f56bfc062723c751e8b465ee728b)
Start importing Assets/War/Slime Enemy - Pixel Art/Prefabs/Red/Red Jump.prefab using Guid(5fec15aec05002d4e93430ce3a3a3fcd) Importer(815301076,1909f56bfc062723c751e8b465ee728b)  -> (artifact id: '5316442a0a3a07c4ae92e57157c1c31a') in 0.019456 seconds 
========================================================================
Received Import Request.
  Time since last request: 0.000018 seconds.
  path: Assets/War/Slime Enemy - Pixel Art/Prefabs/Red/Red Death.prefab
  artifactKey: Guid(752e1e75d03683846a1eb6dc796f9fac) Importer(815301076,1909f56bfc062723c751e8b465ee728b)
Start importing Assets/War/Slime Enemy - Pixel Art/Prefabs/Red/Red Death.prefab using Guid(752e1e75d03683846a1eb6dc796f9fac) Importer(815301076,1909f56bfc062723c751e8b465ee728b)  -> (artifact id: 'c80140c5dbe0ac0b465a242da265c5d0') in 0.011671 seconds 
========================================================================
Received Import Request.
  Time since last request: 0.000030 seconds.
  path: Assets/War/Slime Enemy - Pixel Art/Prefabs/Red/Red Hurt (No Flash).prefab
  artifactKey: Guid(2c3664bd7d7d5fc41b3121868d0ce24d) Importer(815301076,1909f56bfc062723c751e8b465ee728b)
Start importing Assets/War/Slime Enemy - Pixel Art/Prefabs/Red/Red Hurt (No Flash).prefab using Guid(2c3664bd7d7d5fc41b3121868d0ce24d) Importer(815301076,1909f56bfc062723c751e8b465ee728b)  -> (artifact id: '45fc0297f98d4f55852e58703831ac73') in 0.011571 seconds 
========================================================================
Received Prepare
Registering precompiled user dll's ...
Registered in 0.006962 seconds.
Begin MonoManager ReloadAssembly
Symbol file LoadedFromMemory doesn't match image C:\Users\rahul\Documents\prog\Unity\sidescrollerunity\Library\PackageCache\com.unity.visualscripting@1.7.8\Editor\VisualScripting.Core\Dependencies\YamlDotNet\Unity.VisualScripting.YamlDotNet.dll
Symbol file LoadedFromMemory doesn't match image C:\Users\rahul\Documents\prog\Unity\sidescrollerunity\Library\PackageCache\com.unity.visualscripting@1.7.8\Editor\VisualScripting.Core\Dependencies\DotNetZip\Unity.VisualScripting.IonicZip.dll
Native extension for UWP target not found
Native extension for WindowsStandalone target not found
Native extension for WebGL target not found
Refreshing native plugins compatible for Editor in 0.77 ms, found 4 plugins.
Preloading 0 native plugins for Editor in 0.00 ms.
Mono: successfully reloaded assembly
- Completed reload, in  1.176 seconds
Domain Reload Profiling:
	ReloadAssembly (1177ms)
		BeginReloadAssembly (126ms)
			ExecutionOrderSort (0ms)
			DisableScriptedObjects (7ms)
			BackupInstance (0ms)
			ReleaseScriptingObjects (0ms)
			CreateAndSetChildDomain (31ms)
		EndReloadAssembly (944ms)
			LoadAssemblies (93ms)
			RebuildTransferFunctionScriptingTraits (0ms)
			SetupTypeCache (270ms)
			ReleaseScriptCaches (1ms)
			RebuildScriptCaches (53ms)
			SetupLoadedEditorAssemblies (439ms)
				LogAssemblyErrors (0ms)
				InitializePlatformSupportModulesInManaged (18ms)
				SetLoadedEditorAssemblies (1ms)
				RefreshPlugins (1ms)
				BeforeProcessingInitializeOnLoad (93ms)
				ProcessInitializeOnLoadAttributes (260ms)
				ProcessInitializeOnLoadMethodAttributes (56ms)
				AfterProcessingInitializeOnLoad (11ms)
				EditorAssembliesLoaded (0ms)
			ExecutionOrderSort2 (0ms)
			AwakeInstancesAfterBackupRestoration (12ms)
Platform modules already initialized, skipping
Refreshing native plugins compatible for Editor in 3.06 ms, found 4 plugins.
Preloading 0 native plugins for Editor in 0.00 ms.
Unloading 4099 Unused Serialized files (Serialized files now loaded: 0)
Unloading 31 unused Assets / (195.3 KB). Loaded Objects now: 4567.
Memory consumption went from 157.0 MB to 156.8 MB.
Total: 2.087200 ms (FindLiveObjects: 0.147800 ms CreateObjectMapping: 0.074700 ms MarkObjects: 1.777200 ms  DeleteObjects: 0.086800 ms)

AssetImportParameters requested are different than current active one (requested -> active):
  custom:video-decoder-ogg-theora: a1e56fd34408186e4bbccfd4996cb3dc -> 
  custom:container-muxer-webm: aa71ff27fc2769a1b78a27578f13a17b -> 
  custom:container-demuxer-webm: 4f35f7cbe854078d1ac9338744f61a02 -> 
  custom:video-encoder-webm-vp8: eb34c28f22e8b96e1ab97ce403110664 -> 
  custom:audio-encoder-webm-vorbis: bf7c407c2cedff20999df2af8eb42d56 -> 
  custom:framework-win-MediaFoundation: 216162199b28c13a410421893ffa2e32 -> 
  custom:container-demuxer-ogg: 62fdf1f143b41e24485cea50d1cbac27 -> 
  custom:video-decoder-webm-vp8: 9c59270c3fd7afecdb556c50c9e8de78 -> 
  custom:audio-decoder-ogg-vorbis: bf7c407c2cedff20999df2af8eb42d56 -> 
========================================================================
Received Import Request.
  Time since last request: 135.479844 seconds.
  path: Assets/War/Slime Enemy - Pixel Art/Animation/Idle
  artifactKey: Guid(24e7b8ddada80c04c9fc18b7b387039f) Importer(815301076,1909f56bfc062723c751e8b465ee728b)
Start importing Assets/War/Slime Enemy - Pixel Art/Animation/Idle using Guid(24e7b8ddada80c04c9fc18b7b387039f) Importer(815301076,1909f56bfc062723c751e8b465ee728b)  -> (artifact id: '3cc0cf50e0cf3a69b7aa85a8c8b660bd') in 0.013715 seconds 
========================================================================
Received Import Request.
  Time since last request: 0.924495 seconds.
  path: Assets/War/Slime Enemy - Pixel Art/Animation/Idle/Red
  artifactKey: Guid(3b8767b89d26a1748ac06998a5e01a53) Importer(815301076,1909f56bfc062723c751e8b465ee728b)
Start importing Assets/War/Slime Enemy - Pixel Art/Animation/Idle/Red using Guid(3b8767b89d26a1748ac06998a5e01a53) Importer(815301076,1909f56bfc062723c751e8b465ee728b)  -> (artifact id: '26c68adde2d839b3f232361e00d80f3e') in 0.002870 seconds 
========================================================================
Received Prepare
Registering precompiled user dll's ...
Registered in 0.006822 seconds.
Begin MonoManager ReloadAssembly
Symbol file LoadedFromMemory doesn't match image C:\Users\rahul\Documents\prog\Unity\sidescrollerunity\Library\PackageCache\com.unity.visualscripting@1.7.8\Editor\VisualScripting.Core\Dependencies\YamlDotNet\Unity.VisualScripting.YamlDotNet.dll
Symbol file LoadedFromMemory doesn't match image C:\Users\rahul\Documents\prog\Unity\sidescrollerunity\Library\PackageCache\com.unity.visualscripting@1.7.8\Editor\VisualScripting.Core\Dependencies\DotNetZip\Unity.VisualScripting.IonicZip.dll
Native extension for UWP target not found
Native extension for WindowsStandalone target not found
Native extension for WebGL target not found
Refreshing native plugins compatible for Editor in 0.74 ms, found 4 plugins.
Preloading 0 native plugins for Editor in 0.00 ms.
Mono: successfully reloaded assembly
- Completed reload, in  1.025 seconds
Domain Reload Profiling:
	ReloadAssembly (1026ms)
		BeginReloadAssembly (120ms)
			ExecutionOrderSort (0ms)
			DisableScriptedObjects (8ms)
			BackupInstance (0ms)
			ReleaseScriptingObjects (0ms)
			CreateAndSetChildDomain (30ms)
		EndReloadAssembly (812ms)
			LoadAssemblies (78ms)
			RebuildTransferFunctionScriptingTraits (0ms)
			SetupTypeCache (234ms)
			ReleaseScriptCaches (1ms)
			RebuildScriptCaches (48ms)
			SetupLoadedEditorAssemblies (391ms)
				LogAssemblyErrors (0ms)
				InitializePlatformSupportModulesInManaged (18ms)
				SetLoadedEditorAssemblies (1ms)
				RefreshPlugins (1ms)
				BeforeProcessingInitializeOnLoad (94ms)
				ProcessInitializeOnLoadAttributes (232ms)
				ProcessInitializeOnLoadMethodAttributes (42ms)
				AfterProcessingInitializeOnLoad (5ms)
				EditorAssembliesLoaded (0ms)
			ExecutionOrderSort2 (0ms)
			AwakeInstancesAfterBackupRestoration (6ms)
Platform modules already initialized, skipping
Refreshing native plugins compatible for Editor in 3.55 ms, found 4 plugins.
Preloading 0 native plugins for Editor in 0.00 ms.
Unloading 4099 Unused Serialized files (Serialized files now loaded: 0)
Unloading 31 unused Assets / (195.6 KB). Loaded Objects now: 4570.
Memory consumption went from 157.0 MB to 156.8 MB.
Total: 4.159600 ms (FindLiveObjects: 0.380000 ms CreateObjectMapping: 0.269400 ms MarkObjects: 3.368800 ms  DeleteObjects: 0.140300 ms)

AssetImportParameters requested are different than current active one (requested -> active):
  custom:video-decoder-ogg-theora: a1e56fd34408186e4bbccfd4996cb3dc -> 
  custom:container-muxer-webm: aa71ff27fc2769a1b78a27578f13a17b -> 
  custom:container-demuxer-webm: 4f35f7cbe854078d1ac9338744f61a02 -> 
  custom:video-encoder-webm-vp8: eb34c28f22e8b96e1ab97ce403110664 -> 
  custom:audio-encoder-webm-vorbis: bf7c407c2cedff20999df2af8eb42d56 -> 
  custom:framework-win-MediaFoundation: 216162199b28c13a410421893ffa2e32 -> 
  custom:container-demuxer-ogg: 62fdf1f143b41e24485cea50d1cbac27 -> 
  custom:video-decoder-webm-vp8: 9c59270c3fd7afecdb556c50c9e8de78 -> 
  custom:audio-decoder-ogg-vorbis: bf7c407c2cedff20999df2af8eb42d56 -> 
========================================================================
Received Prepare
Registering precompiled user dll's ...
Registered in 0.008263 seconds.
Begin MonoManager ReloadAssembly
Symbol file LoadedFromMemory doesn't match image C:\Users\rahul\Documents\prog\Unity\sidescrollerunity\Library\PackageCache\com.unity.visualscripting@1.7.8\Editor\VisualScripting.Core\Dependencies\YamlDotNet\Unity.VisualScripting.YamlDotNet.dll
Symbol file LoadedFromMemory doesn't match image C:\Users\rahul\Documents\prog\Unity\sidescrollerunity\Library\PackageCache\com.unity.visualscripting@1.7.8\Editor\VisualScripting.Core\Dependencies\DotNetZip\Unity.VisualScripting.IonicZip.dll
Native extension for UWP target not found
Native extension for WindowsStandalone target not found
Native extension for WebGL target not found
Refreshing native plugins compatible for Editor in 0.72 ms, found 4 plugins.
Preloading 0 native plugins for Editor in 0.00 ms.
Mono: successfully reloaded assembly
- Completed reload, in  1.054 seconds
Domain Reload Profiling:
	ReloadAssembly (1055ms)
		BeginReloadAssembly (111ms)
			ExecutionOrderSort (0ms)
			DisableScriptedObjects (7ms)
			BackupInstance (0ms)
			ReleaseScriptingObjects (0ms)
			CreateAndSetChildDomain (29ms)
		EndReloadAssembly (852ms)
			LoadAssemblies (74ms)
			RebuildTransferFunctionScriptingTraits (0ms)
			SetupTypeCache (229ms)
			ReleaseScriptCaches (1ms)
			RebuildScriptCaches (53ms)
			SetupLoadedEditorAssemblies (423ms)
				LogAssemblyErrors (0ms)
				InitializePlatformSupportModulesInManaged (18ms)
				SetLoadedEditorAssemblies (0ms)
				RefreshPlugins (1ms)
				BeforeProcessingInitializeOnLoad (97ms)
				ProcessInitializeOnLoadAttributes (248ms)
				ProcessInitializeOnLoadMethodAttributes (47ms)
				AfterProcessingInitializeOnLoad (11ms)
				EditorAssembliesLoaded (0ms)
			ExecutionOrderSort2 (0ms)
			AwakeInstancesAfterBackupRestoration (9ms)
Platform modules already initialized, skipping
Refreshing native plugins compatible for Editor in 2.62 ms, found 4 plugins.
Preloading 0 native plugins for Editor in 0.00 ms.
Unloading 4099 Unused Serialized files (Serialized files now loaded: 0)
Unloading 31 unused Assets / (195.4 KB). Loaded Objects now: 4573.
Memory consumption went from 157.0 MB to 156.8 MB.
Total: 2.815900 ms (FindLiveObjects: 0.331500 ms CreateObjectMapping: 0.133300 ms MarkObjects: 2.224600 ms  DeleteObjects: 0.125800 ms)

AssetImportParameters requested are different than current active one (requested -> active):
  custom:video-decoder-ogg-theora: a1e56fd34408186e4bbccfd4996cb3dc -> 
  custom:container-muxer-webm: aa71ff27fc2769a1b78a27578f13a17b -> 
  custom:container-demuxer-webm: 4f35f7cbe854078d1ac9338744f61a02 -> 
  custom:video-encoder-webm-vp8: eb34c28f22e8b96e1ab97ce403110664 -> 
  custom:audio-encoder-webm-vorbis: bf7c407c2cedff20999df2af8eb42d56 -> 
  custom:framework-win-MediaFoundation: 216162199b28c13a410421893ffa2e32 -> 
  custom:container-demuxer-ogg: 62fdf1f143b41e24485cea50d1cbac27 -> 
  custom:video-decoder-webm-vp8: 9c59270c3fd7afecdb556c50c9e8de78 -> 
  custom:audio-decoder-ogg-vorbis: bf7c407c2cedff20999df2af8eb42d56 -> 
========================================================================
Received Import Request.
  Time since last request: 38.890582 seconds.
  path: Assets/War/Slime Enemy - Pixel Art/Animation/Death/Red
  artifactKey: Guid(e734fdecb00b46645adbf8a0dde7f368) Importer(815301076,1909f56bfc062723c751e8b465ee728b)
Start importing Assets/War/Slime Enemy - Pixel Art/Animation/Death/Red using Guid(e734fdecb00b46645adbf8a0dde7f368) Importer(815301076,1909f56bfc062723c751e8b465ee728b)  -> (artifact id: 'cf352c203f372d05c2efd13b162a7930') in 0.006996 seconds 
========================================================================
Received Import Request.
  Time since last request: 0.935389 seconds.
  path: Assets/War/Slime Enemy - Pixel Art/Animation/Death/Red/Red Death (No flash) - Controller.controller
  artifactKey: Guid(7658f3dbe8eed3e43b3cbb51911c0a41) Importer(815301076,1909f56bfc062723c751e8b465ee728b)
Start importing Assets/War/Slime Enemy - Pixel Art/Animation/Death/Red/Red Death (No flash) - Controller.controller using Guid(7658f3dbe8eed3e43b3cbb51911c0a41) Importer(815301076,1909f56bfc062723c751e8b465ee728b)  -> (artifact id: '4e364c5b3e83dfed82ce6082044d3dfe') in 0.020220 seconds 
========================================================================
Received Import Request.
  Time since last request: 1.468458 seconds.
  path: Assets/War/Slime Enemy - Pixel Art/Animation/Death/Red/Red Death (No flash) - Animation.anim
  artifactKey: Guid(9249283cd1a1c0649ba0f6fee0351adb) Importer(815301076,1909f56bfc062723c751e8b465ee728b)
Start importing Assets/War/Slime Enemy - Pixel Art/Animation/Death/Red/Red Death (No flash) - Animation.anim using Guid(9249283cd1a1c0649ba0f6fee0351adb) Importer(815301076,1909f56bfc062723c751e8b465ee728b)  -> (artifact id: 'e669ad7afbac6431037815c840c99583') in 0.006608 seconds 
========================================================================
Received Import Request.
  Time since last request: 9.346352 seconds.
  path: Assets/War/Slime Enemy - Pixel Art/Animation/Idle/Red/Red Idle - Controller.controller
  artifactKey: Guid(dfdb4d2f80da0fd449348e31347bc646) Importer(815301076,1909f56bfc062723c751e8b465ee728b)
Start importing Assets/War/Slime Enemy - Pixel Art/Animation/Idle/Red/Red Idle - Controller.controller using Guid(dfdb4d2f80da0fd449348e31347bc646) Importer(815301076,1909f56bfc062723c751e8b465ee728b)  -> (artifact id: 'c7c070b00d6bbc785d58f3e8a87b0ff9') in 0.006122 seconds 
========================================================================
Received Import Request.
  Time since last request: 5.044321 seconds.
  path: Assets/War/Slime Enemy - Pixel Art/Animation/Hurt
  artifactKey: Guid(601070dd815246c4cabcc7af7c17f1fe) Importer(815301076,1909f56bfc062723c751e8b465ee728b)
Start importing Assets/War/Slime Enemy - Pixel Art/Animation/Hurt using Guid(601070dd815246c4cabcc7af7c17f1fe) Importer(815301076,1909f56bfc062723c751e8b465ee728b)  -> (artifact id: '70f709e4049fb88fbb14fcdb3a3368d0') in 0.005055 seconds 
========================================================================
Received Import Request.
  Time since last request: 1.133438 seconds.
  path: Assets/War/Slime Enemy - Pixel Art/Animation/Jump
  artifactKey: Guid(00886ecd1b44f1a4da54c2f92edb8578) Importer(815301076,1909f56bfc062723c751e8b465ee728b)
Start importing Assets/War/Slime Enemy - Pixel Art/Animation/Jump using Guid(00886ecd1b44f1a4da54c2f92edb8578) Importer(815301076,1909f56bfc062723c751e8b465ee728b)  -> (artifact id: 'c4b95d7945c18d140896678db3552500') in 0.005247 seconds 
========================================================================
Received Import Request.
  Time since last request: 13.417929 seconds.
  path: Assets/War/Slime Enemy - Pixel Art/Animation/Idle/SlimeRed.controller
  artifactKey: Guid(b37985b55b94cb24f90cb278fdb98dcb) Importer(815301076,1909f56bfc062723c751e8b465ee728b)
Start importing Assets/War/Slime Enemy - Pixel Art/Animation/Idle/SlimeRed.controller using Guid(b37985b55b94cb24f90cb278fdb98dcb) Importer(815301076,1909f56bfc062723c751e8b465ee728b)  -> (artifact id: '1a95f9ce6705d2f8f50c1887dbc04983') in 0.005602 seconds 
========================================================================
Received Import Request.
  Time since last request: 6.881666 seconds.
  path: Assets/War/Slime Enemy - Pixel Art/Animation/Idle/Red/Red Idle - Animation.anim
  artifactKey: Guid(1e665be91203eff49a7ccf49d8046755) Importer(815301076,1909f56bfc062723c751e8b465ee728b)
Start importing Assets/War/Slime Enemy - Pixel Art/Animation/Idle/Red/Red Idle - Animation.anim using Guid(1e665be91203eff49a7ccf49d8046755) Importer(815301076,1909f56bfc062723c751e8b465ee728b)  -> (artifact id: '43d672dd55871f33984e9e7a0827e672') in 0.006006 seconds 
========================================================================
Received Import Request.
  Time since last request: 15.475772 seconds.
  path: Assets/War/Slime Enemy - Pixel Art/Animation/Red Death (No flash) - Animation.anim
  artifactKey: Guid(fff3902c93efb3d4a926db34dcb319ad) Importer(815301076,1909f56bfc062723c751e8b465ee728b)
Start importing Assets/War/Slime Enemy - Pixel Art/Animation/Red Death (No flash) - Animation.anim using Guid(fff3902c93efb3d4a926db34dcb319ad) Importer(815301076,1909f56bfc062723c751e8b465ee728b)  -> (artifact id: 'c7e94a8f92590700c790acd622f730d7') in 0.002997 seconds 
========================================================================
Received Import Request.
  Time since last request: 2.998803 seconds.
  path: Assets/War/Slime Enemy - Pixel Art/Animation/SlimeRed.controller
  artifactKey: Guid(b37985b55b94cb24f90cb278fdb98dcb) Importer(815301076,1909f56bfc062723c751e8b465ee728b)
Start importing Assets/War/Slime Enemy - Pixel Art/Animation/SlimeRed.controller using Guid(b37985b55b94cb24f90cb278fdb98dcb) Importer(815301076,1909f56bfc062723c751e8b465ee728b)  -> (artifact id: '5fc574be05350e2b7921dfea545a62e1') in 0.003391 seconds 
========================================================================
Received Prepare
Registering precompiled user dll's ...
Registered in 0.006595 seconds.
Begin MonoManager ReloadAssembly
Symbol file LoadedFromMemory doesn't match image C:\Users\rahul\Documents\prog\Unity\sidescrollerunity\Library\PackageCache\com.unity.visualscripting@1.7.8\Editor\VisualScripting.Core\Dependencies\YamlDotNet\Unity.VisualScripting.YamlDotNet.dll
Symbol file LoadedFromMemory doesn't match image C:\Users\rahul\Documents\prog\Unity\sidescrollerunity\Library\PackageCache\com.unity.visualscripting@1.7.8\Editor\VisualScripting.Core\Dependencies\DotNetZip\Unity.VisualScripting.IonicZip.dll
Native extension for UWP target not found
Native extension for WindowsStandalone target not found
Native extension for WebGL target not found
Refreshing native plugins compatible for Editor in 0.74 ms, found 4 plugins.
Preloading 0 native plugins for Editor in 0.00 ms.
Mono: successfully reloaded assembly
- Completed reload, in  1.044 seconds
Domain Reload Profiling:
	ReloadAssembly (1044ms)
		BeginReloadAssembly (124ms)
			ExecutionOrderSort (0ms)
			DisableScriptedObjects (7ms)
			BackupInstance (0ms)
			ReleaseScriptingObjects (0ms)
			CreateAndSetChildDomain (32ms)
		EndReloadAssembly (823ms)
			LoadAssemblies (81ms)
			RebuildTransferFunctionScriptingTraits (0ms)
			SetupTypeCache (245ms)
			ReleaseScriptCaches (1ms)
			RebuildScriptCaches (45ms)
			SetupLoadedEditorAssemblies (395ms)
				LogAssemblyErrors (0ms)
				InitializePlatformSupportModulesInManaged (18ms)
				SetLoadedEditorAssemblies (0ms)
				RefreshPlugins (1ms)
				BeforeProcessingInitializeOnLoad (89ms)
				ProcessInitializeOnLoadAttributes (243ms)
				ProcessInitializeOnLoadMethodAttributes (39ms)
				AfterProcessingInitializeOnLoad (5ms)
				EditorAssembliesLoaded (0ms)
			ExecutionOrderSort2 (0ms)
			AwakeInstancesAfterBackupRestoration (6ms)
Platform modules already initialized, skipping
Refreshing native plugins compatible for Editor in 2.88 ms, found 4 plugins.
Preloading 0 native plugins for Editor in 0.00 ms.
Unloading 4099 Unused Serialized files (Serialized files now loaded: 0)
Unloading 31 unused Assets / (195.5 KB). Loaded Objects now: 4576.
Memory consumption went from 157.0 MB to 156.8 MB.
Total: 3.144100 ms (FindLiveObjects: 0.352400 ms CreateObjectMapping: 0.136200 ms MarkObjects: 2.508200 ms  DeleteObjects: 0.146500 ms)

AssetImportParameters requested are different than current active one (requested -> active):
  custom:video-decoder-ogg-theora: a1e56fd34408186e4bbccfd4996cb3dc -> 
  custom:container-muxer-webm: aa71ff27fc2769a1b78a27578f13a17b -> 
  custom:container-demuxer-webm: 4f35f7cbe854078d1ac9338744f61a02 -> 
  custom:video-encoder-webm-vp8: eb34c28f22e8b96e1ab97ce403110664 -> 
  custom:audio-encoder-webm-vorbis: bf7c407c2cedff20999df2af8eb42d56 -> 
  custom:framework-win-MediaFoundation: 216162199b28c13a410421893ffa2e32 -> 
  custom:container-demuxer-ogg: 62fdf1f143b41e24485cea50d1cbac27 -> 
  custom:video-decoder-webm-vp8: 9c59270c3fd7afecdb556c50c9e8de78 -> 
  custom:audio-decoder-ogg-vorbis: bf7c407c2cedff20999df2af8eb42d56 -> 
========================================================================
Received Prepare
Registering precompiled user dll's ...
Registered in 0.006923 seconds.
Begin MonoManager ReloadAssembly
Symbol file LoadedFromMemory doesn't match image C:\Users\rahul\Documents\prog\Unity\sidescrollerunity\Library\PackageCache\com.unity.visualscripting@1.7.8\Editor\VisualScripting.Core\Dependencies\YamlDotNet\Unity.VisualScripting.YamlDotNet.dll
Symbol file LoadedFromMemory doesn't match image C:\Users\rahul\Documents\prog\Unity\sidescrollerunity\Library\PackageCache\com.unity.visualscripting@1.7.8\Editor\VisualScripting.Core\Dependencies\DotNetZip\Unity.VisualScripting.IonicZip.dll
Native extension for UWP target not found
Native extension for WindowsStandalone target not found
Native extension for WebGL target not found
Refreshing native plugins compatible for Editor in 0.79 ms, found 4 plugins.
Preloading 0 native plugins for Editor in 0.00 ms.
Mono: successfully reloaded assembly
- Completed reload, in  0.995 seconds
Domain Reload Profiling:
	ReloadAssembly (995ms)
		BeginReloadAssembly (98ms)
			ExecutionOrderSort (0ms)
			DisableScriptedObjects (6ms)
			BackupInstance (0ms)
			ReleaseScriptingObjects (0ms)
			CreateAndSetChildDomain (28ms)
		EndReloadAssembly (799ms)
			LoadAssemblies (67ms)
			RebuildTransferFunctionScriptingTraits (0ms)
			SetupTypeCache (224ms)
			ReleaseScriptCaches (1ms)
			RebuildScriptCaches (43ms)
			SetupLoadedEditorAssemblies (394ms)
				LogAssemblyErrors (0ms)
				InitializePlatformSupportModulesInManaged (22ms)
				SetLoadedEditorAssemblies (1ms)
				RefreshPlugins (1ms)
				BeforeProcessingInitializeOnLoad (89ms)
				ProcessInitializeOnLoadAttributes (238ms)
				ProcessInitializeOnLoadMethodAttributes (39ms)
				AfterProcessingInitializeOnLoad (5ms)
				EditorAssembliesLoaded (0ms)
			ExecutionOrderSort2 (0ms)
			AwakeInstancesAfterBackupRestoration (6ms)
Platform modules already initialized, skipping
Refreshing native plugins compatible for Editor in 2.98 ms, found 4 plugins.
Preloading 0 native plugins for Editor in 0.00 ms.
Unloading 4099 Unused Serialized files (Serialized files now loaded: 0)
Unloading 31 unused Assets / (195.5 KB). Loaded Objects now: 4579.
Memory consumption went from 157.0 MB to 156.8 MB.
Total: 3.012800 ms (FindLiveObjects: 0.324100 ms CreateObjectMapping: 0.099400 ms MarkObjects: 2.445900 ms  DeleteObjects: 0.141700 ms)

AssetImportParameters requested are different than current active one (requested -> active):
  custom:video-decoder-ogg-theora: a1e56fd34408186e4bbccfd4996cb3dc -> 
  custom:container-muxer-webm: aa71ff27fc2769a1b78a27578f13a17b -> 
  custom:container-demuxer-webm: 4f35f7cbe854078d1ac9338744f61a02 -> 
  custom:video-encoder-webm-vp8: eb34c28f22e8b96e1ab97ce403110664 -> 
  custom:audio-encoder-webm-vorbis: bf7c407c2cedff20999df2af8eb42d56 -> 
  custom:framework-win-MediaFoundation: 216162199b28c13a410421893ffa2e32 -> 
  custom:container-demuxer-ogg: 62fdf1f143b41e24485cea50d1cbac27 -> 
  custom:video-decoder-webm-vp8: 9c59270c3fd7afecdb556c50c9e8de78 -> 
  custom:audio-decoder-ogg-vorbis: bf7c407c2cedff20999df2af8eb42d56 -> 
========================================================================
Received Import Request.
  Time since last request: 659.168519 seconds.
  path: Assets/War/Slime Enemy - Pixel Art/Animation/SlimeRed.controller
  artifactKey: Guid(b37985b55b94cb24f90cb278fdb98dcb) Importer(815301076,1909f56bfc062723c751e8b465ee728b)
Start importing Assets/War/Slime Enemy - Pixel Art/Animation/SlimeRed.controller using Guid(b37985b55b94cb24f90cb278fdb98dcb) Importer(815301076,1909f56bfc062723c751e8b465ee728b)  -> (artifact id: 'b45f1d36a056318af238342c3e2b6ec7') in 0.019103 seconds 
========================================================================
Received Prepare
Registering precompiled user dll's ...
Registered in 0.007128 seconds.
Begin MonoManager ReloadAssembly
Symbol file LoadedFromMemory doesn't match image C:\Users\rahul\Documents\prog\Unity\sidescrollerunity\Library\PackageCache\com.unity.visualscripting@1.7.8\Editor\VisualScripting.Core\Dependencies\YamlDotNet\Unity.VisualScripting.YamlDotNet.dll
Symbol file LoadedFromMemory doesn't match image C:\Users\rahul\Documents\prog\Unity\sidescrollerunity\Library\PackageCache\com.unity.visualscripting@1.7.8\Editor\VisualScripting.Core\Dependencies\DotNetZip\Unity.VisualScripting.IonicZip.dll
Native extension for UWP target not found
Native extension for WindowsStandalone target not found
Native extension for WebGL target not found
Refreshing native plugins compatible for Editor in 0.76 ms, found 4 plugins.
Preloading 0 native plugins for Editor in 0.00 ms.
Mono: successfully reloaded assembly
- Completed reload, in  1.041 seconds
Domain Reload Profiling:
	ReloadAssembly (1042ms)
		BeginReloadAssembly (113ms)
			ExecutionOrderSort (0ms)
			DisableScriptedObjects (7ms)
			BackupInstance (0ms)
			ReleaseScriptingObjects (0ms)
			CreateAndSetChildDomain (28ms)
		EndReloadAssembly (832ms)
			LoadAssemblies (76ms)
			RebuildTransferFunctionScriptingTraits (0ms)
			SetupTypeCache (239ms)
			ReleaseScriptCaches (1ms)
			RebuildScriptCaches (43ms)
			SetupLoadedEditorAssemblies (413ms)
				LogAssemblyErrors (0ms)
				InitializePlatformSupportModulesInManaged (18ms)
				SetLoadedEditorAssemblies (0ms)
				RefreshPlugins (1ms)
				BeforeProcessingInitializeOnLoad (89ms)
				ProcessInitializeOnLoadAttributes (247ms)
				ProcessInitializeOnLoadMethodAttributes (47ms)
				AfterProcessingInitializeOnLoad (10ms)
				EditorAssembliesLoaded (0ms)
			ExecutionOrderSort2 (0ms)
			AwakeInstancesAfterBackupRestoration (10ms)
Platform modules already initialized, skipping
Refreshing native plugins compatible for Editor in 3.21 ms, found 4 plugins.
Preloading 0 native plugins for Editor in 0.00 ms.
Unloading 4099 Unused Serialized files (Serialized files now loaded: 0)
Unloading 31 unused Assets / (195.6 KB). Loaded Objects now: 4582.
Memory consumption went from 157.0 MB to 156.8 MB.
Total: 3.169000 ms (FindLiveObjects: 0.325100 ms CreateObjectMapping: 0.100800 ms MarkObjects: 2.578900 ms  DeleteObjects: 0.163400 ms)

AssetImportParameters requested are different than current active one (requested -> active):
  custom:video-decoder-ogg-theora: a1e56fd34408186e4bbccfd4996cb3dc -> 
  custom:container-muxer-webm: aa71ff27fc2769a1b78a27578f13a17b -> 
  custom:container-demuxer-webm: 4f35f7cbe854078d1ac9338744f61a02 -> 
  custom:video-encoder-webm-vp8: eb34c28f22e8b96e1ab97ce403110664 -> 
  custom:audio-encoder-webm-vorbis: bf7c407c2cedff20999df2af8eb42d56 -> 
  custom:framework-win-MediaFoundation: 216162199b28c13a410421893ffa2e32 -> 
  custom:container-demuxer-ogg: 62fdf1f143b41e24485cea50d1cbac27 -> 
  custom:video-decoder-webm-vp8: 9c59270c3fd7afecdb556c50c9e8de78 -> 
  custom:audio-decoder-ogg-vorbis: bf7c407c2cedff20999df2af8eb42d56 -> 
========================================================================
Received Prepare
Registering precompiled user dll's ...
Registered in 0.006899 seconds.
Begin MonoManager ReloadAssembly
Symbol file LoadedFromMemory doesn't match image C:\Users\rahul\Documents\prog\Unity\sidescrollerunity\Library\PackageCache\com.unity.visualscripting@1.7.8\Editor\VisualScripting.Core\Dependencies\YamlDotNet\Unity.VisualScripting.YamlDotNet.dll
Symbol file LoadedFromMemory doesn't match image C:\Users\rahul\Documents\prog\Unity\sidescrollerunity\Library\PackageCache\com.unity.visualscripting@1.7.8\Editor\VisualScripting.Core\Dependencies\DotNetZip\Unity.VisualScripting.IonicZip.dll
Native extension for UWP target not found
Native extension for WindowsStandalone target not found
Native extension for WebGL target not found
Refreshing native plugins compatible for Editor in 0.80 ms, found 4 plugins.
Preloading 0 native plugins for Editor in 0.00 ms.
Mono: successfully reloaded assembly
- Completed reload, in  1.081 seconds
Domain Reload Profiling:
	ReloadAssembly (1081ms)
		BeginReloadAssembly (115ms)
			ExecutionOrderSort (0ms)
			DisableScriptedObjects (7ms)
			BackupInstance (0ms)
			ReleaseScriptingObjects (0ms)
			CreateAndSetChildDomain (27ms)
		EndReloadAssembly (872ms)
			LoadAssemblies (81ms)
			RebuildTransferFunctionScriptingTraits (0ms)
			SetupTypeCache (255ms)
			ReleaseScriptCaches (2ms)
			RebuildScriptCaches (50ms)
			SetupLoadedEditorAssemblies (419ms)
				LogAssemblyErrors (0ms)
				InitializePlatformSupportModulesInManaged (18ms)
				SetLoadedEditorAssemblies (1ms)
				RefreshPlugins (1ms)
				BeforeProcessingInitializeOnLoad (94ms)
				ProcessInitializeOnLoadAttributes (252ms)
				ProcessInitializeOnLoadMethodAttributes (42ms)
				AfterProcessingInitializeOnLoad (11ms)
				EditorAssembliesLoaded (0ms)
			ExecutionOrderSort2 (0ms)
			AwakeInstancesAfterBackupRestoration (11ms)
Platform modules already initialized, skipping
Refreshing native plugins compatible for Editor in 2.43 ms, found 4 plugins.
Preloading 0 native plugins for Editor in 0.00 ms.
Unloading 4099 Unused Serialized files (Serialized files now loaded: 0)
Unloading 31 unused Assets / (196.6 KB). Loaded Objects now: 4585.
Memory consumption went from 157.0 MB to 156.8 MB.
Total: 2.875100 ms (FindLiveObjects: 0.322600 ms CreateObjectMapping: 0.105400 ms MarkObjects: 2.312400 ms  DeleteObjects: 0.133600 ms)

AssetImportParameters requested are different than current active one (requested -> active):
  custom:video-decoder-ogg-theora: a1e56fd34408186e4bbccfd4996cb3dc -> 
  custom:container-muxer-webm: aa71ff27fc2769a1b78a27578f13a17b -> 
  custom:container-demuxer-webm: 4f35f7cbe854078d1ac9338744f61a02 -> 
  custom:video-encoder-webm-vp8: eb34c28f22e8b96e1ab97ce403110664 -> 
  custom:audio-encoder-webm-vorbis: bf7c407c2cedff20999df2af8eb42d56 -> 
  custom:framework-win-MediaFoundation: 216162199b28c13a410421893ffa2e32 -> 
  custom:container-demuxer-ogg: 62fdf1f143b41e24485cea50d1cbac27 -> 
  custom:video-decoder-webm-vp8: 9c59270c3fd7afecdb556c50c9e8de78 -> 
  custom:audio-decoder-ogg-vorbis: bf7c407c2cedff20999df2af8eb42d56 -> 
========================================================================
Received Prepare
Registering precompiled user dll's ...
Registered in 0.006440 seconds.
Begin MonoManager ReloadAssembly
Symbol file LoadedFromMemory doesn't match image C:\Users\rahul\Documents\prog\Unity\sidescrollerunity\Library\PackageCache\com.unity.visualscripting@1.7.8\Editor\VisualScripting.Core\Dependencies\YamlDotNet\Unity.VisualScripting.YamlDotNet.dll
Symbol file LoadedFromMemory doesn't match image C:\Users\rahul\Documents\prog\Unity\sidescrollerunity\Library\PackageCache\com.unity.visualscripting@1.7.8\Editor\VisualScripting.Core\Dependencies\DotNetZip\Unity.VisualScripting.IonicZip.dll
Native extension for UWP target not found
Native extension for WindowsStandalone target not found
Native extension for WebGL target not found
Refreshing native plugins compatible for Editor in 0.77 ms, found 4 plugins.
Preloading 0 native plugins for Editor in 0.00 ms.
Mono: successfully reloaded assembly
- Completed reload, in  0.991 seconds
Domain Reload Profiling:
	ReloadAssembly (992ms)
		BeginReloadAssembly (111ms)
			ExecutionOrderSort (0ms)
			DisableScriptedObjects (7ms)
			BackupInstance (0ms)
			ReleaseScriptingObjects (0ms)
			CreateAndSetChildDomain (29ms)
		EndReloadAssembly (788ms)
			LoadAssemblies (75ms)
			RebuildTransferFunctionScriptingTraits (0ms)
			SetupTypeCache (200ms)
			ReleaseScriptCaches (2ms)
			RebuildScriptCaches (42ms)
			SetupLoadedEditorAssemblies (404ms)
				LogAssemblyErrors (0ms)
				InitializePlatformSupportModulesInManaged (18ms)
				SetLoadedEditorAssemblies (1ms)
				RefreshPlugins (1ms)
				BeforeProcessingInitializeOnLoad (92ms)
				ProcessInitializeOnLoadAttributes (237ms)
				ProcessInitializeOnLoadMethodAttributes (44ms)
				AfterProcessingInitializeOnLoad (11ms)
				EditorAssembliesLoaded (0ms)
			ExecutionOrderSort2 (0ms)
			AwakeInstancesAfterBackupRestoration (11ms)
Platform modules already initialized, skipping
Refreshing native plugins compatible for Editor in 2.84 ms, found 4 plugins.
Preloading 0 native plugins for Editor in 0.00 ms.
Unloading 4099 Unused Serialized files (Serialized files now loaded: 0)
Unloading 31 unused Assets / (195.5 KB). Loaded Objects now: 4588.
Memory consumption went from 157.0 MB to 156.8 MB.
Total: 3.352800 ms (FindLiveObjects: 0.340600 ms CreateObjectMapping: 0.168100 ms MarkObjects: 2.677300 ms  DeleteObjects: 0.165700 ms)

AssetImportParameters requested are different than current active one (requested -> active):
  custom:video-decoder-ogg-theora: a1e56fd34408186e4bbccfd4996cb3dc -> 
  custom:container-muxer-webm: aa71ff27fc2769a1b78a27578f13a17b -> 
  custom:container-demuxer-webm: 4f35f7cbe854078d1ac9338744f61a02 -> 
  custom:video-encoder-webm-vp8: eb34c28f22e8b96e1ab97ce403110664 -> 
  custom:audio-encoder-webm-vorbis: bf7c407c2cedff20999df2af8eb42d56 -> 
  custom:framework-win-MediaFoundation: 216162199b28c13a410421893ffa2e32 -> 
  custom:container-demuxer-ogg: 62fdf1f143b41e24485cea50d1cbac27 -> 
  custom:video-decoder-webm-vp8: 9c59270c3fd7afecdb556c50c9e8de78 -> 
  custom:audio-decoder-ogg-vorbis: bf7c407c2cedff20999df2af8eb42d56 -> 
========================================================================
Received Import Request.
  Time since last request: 708.639279 seconds.
  path: Assets/War/Slime Enemy - Pixel Art/Animation/SlimeRed.controller
  artifactKey: Guid(b37985b55b94cb24f90cb278fdb98dcb) Importer(815301076,1909f56bfc062723c751e8b465ee728b)
Start importing Assets/War/Slime Enemy - Pixel Art/Animation/SlimeRed.controller using Guid(b37985b55b94cb24f90cb278fdb98dcb) Importer(815301076,1909f56bfc062723c751e8b465ee728b)  -> (artifact id: 'e1316e17dc9f62628f1290ce199be5b2') in 0.015747 seconds 
========================================================================
Received Prepare
Registering precompiled user dll's ...
Registered in 0.006672 seconds.
Begin MonoManager ReloadAssembly
Symbol file LoadedFromMemory doesn't match image C:\Users\rahul\Documents\prog\Unity\sidescrollerunity\Library\PackageCache\com.unity.visualscripting@1.7.8\Editor\VisualScripting.Core\Dependencies\YamlDotNet\Unity.VisualScripting.YamlDotNet.dll
Symbol file LoadedFromMemory doesn't match image C:\Users\rahul\Documents\prog\Unity\sidescrollerunity\Library\PackageCache\com.unity.visualscripting@1.7.8\Editor\VisualScripting.Core\Dependencies\DotNetZip\Unity.VisualScripting.IonicZip.dll
Native extension for UWP target not found
Native extension for WindowsStandalone target not found
Native extension for WebGL target not found
Refreshing native plugins compatible for Editor in 0.75 ms, found 4 plugins.
Preloading 0 native plugins for Editor in 0.00 ms.
Mono: successfully reloaded assembly
- Completed reload, in  1.015 seconds
Domain Reload Profiling:
	ReloadAssembly (1015ms)
		BeginReloadAssembly (99ms)
			ExecutionOrderSort (0ms)
			DisableScriptedObjects (6ms)
			BackupInstance (0ms)
			ReleaseScriptingObjects (0ms)
			CreateAndSetChildDomain (27ms)
		EndReloadAssembly (823ms)
			LoadAssemblies (64ms)
			RebuildTransferFunctionScriptingTraits (0ms)
			SetupTypeCache (206ms)
			ReleaseScriptCaches (1ms)
			RebuildScriptCaches (51ms)
			SetupLoadedEditorAssemblies (416ms)
				LogAssemblyErrors (0ms)
				InitializePlatformSupportModulesInManaged (19ms)
				SetLoadedEditorAssemblies (1ms)
				RefreshPlugins (1ms)
				BeforeProcessingInitializeOnLoad (94ms)
				ProcessInitializeOnLoadAttributes (245ms)
				ProcessInitializeOnLoadMethodAttributes (47ms)
				AfterProcessingInitializeOnLoad (9ms)
				EditorAssembliesLoaded (0ms)
			ExecutionOrderSort2 (0ms)
			AwakeInstancesAfterBackupRestoration (10ms)
Platform modules already initialized, skipping
Refreshing native plugins compatible for Editor in 3.41 ms, found 4 plugins.
Preloading 0 native plugins for Editor in 0.00 ms.
Unloading 4099 Unused Serialized files (Serialized files now loaded: 0)
Unloading 31 unused Assets / (195.4 KB). Loaded Objects now: 4591.
Memory consumption went from 157.1 MB to 156.9 MB.
Total: 2.318200 ms (FindLiveObjects: 0.165200 ms CreateObjectMapping: 0.096000 ms MarkObjects: 1.813000 ms  DeleteObjects: 0.243000 ms)

AssetImportParameters requested are different than current active one (requested -> active):
  custom:video-decoder-ogg-theora: a1e56fd34408186e4bbccfd4996cb3dc -> 
  custom:container-muxer-webm: aa71ff27fc2769a1b78a27578f13a17b -> 
  custom:container-demuxer-webm: 4f35f7cbe854078d1ac9338744f61a02 -> 
  custom:video-encoder-webm-vp8: eb34c28f22e8b96e1ab97ce403110664 -> 
  custom:audio-encoder-webm-vorbis: bf7c407c2cedff20999df2af8eb42d56 -> 
  custom:framework-win-MediaFoundation: 216162199b28c13a410421893ffa2e32 -> 
  custom:container-demuxer-ogg: 62fdf1f143b41e24485cea50d1cbac27 -> 
  custom:video-decoder-webm-vp8: 9c59270c3fd7afecdb556c50c9e8de78 -> 
  custom:audio-decoder-ogg-vorbis: bf7c407c2cedff20999df2af8eb42d56 -> 
